<?xml version="1.0" encoding="UTF-8" ?>
<testsuite tests="8" failures="0" name="PKomponent.StrenghtPassTest" time="0.004" errors="0" skipped="0">
  <properties>
[...]
</properties>
  <testcase classname="PKomponent.StrenghtPassTest" name="check_password_strenght" time="0.004"/>
  <testcase classname="PKomponent.StrenghtPassTest" name="check_char_repeat" time="0"/>
  <testcase classname="PKomponent.StrenghtPassTest" name="check_lenght" time="0"/>
  <testcase classname="PKomponent.StrenghtPassTest" name="check_if_number_is_included" time="0"/>
  <testcase classname="PKomponent.StrenghtPassTest" name="getMapOfErrors" time="0"/>
  <testcase classname="PKomponent.StrenghtPassTest" name="check_if_big_char_included" time="0"/>
  <testcase classname="PKomponent.StrenghtPassTest" name="check_if_non_latters_included" time="0"/>
  <testcase classname="PKomponent.StrenghtPassTest" name="check_if_correct_char" time="0"/>
</testsuite>